
ROM used:   597/8192 (7%)
            597/8192 (7%) including unused fragments

            0.7 Average locations per line
            6.0 Average locations per statement

RAM used:   25/368 (7%) at main() level
            38/368 (10%) worst case

Stack used: 3 worst case (2 in main + 1 for interrupts)
Stack size: 8

Lines Stmts  %   Files
----- ----- ---  -----
  149   100 100  dcmotor.c
  671     0   0  ..\..\..\..\..\..\Program Files (x86)\PICC\Devices\16f877a.h
----- -----
  820   100 Total

Page ROM  %  RAM   Vol Diff  Functions:
---- --- --- ---   --- ----  ----------
0     21   4    1             @delay_ms1
0     65  11    0   497  2.4  baslangic_ayarlari
 Inline         1   163  3.8  saga_kayan_isik
 Inline         1   209  3.8  sola_kayan_isik
 Inline         0  1084  4.4  adc_araligi
0    237  40    0    67  1.6  adc_oku
0     76  13    8   110  4.4  map
 Inline         5             @MUL1616
 Inline         5             @DIV1616
0     81  14    1   344  3.7  motor_sur
0     20   3    0   145  3.0  timer0_kesmesi
0     50   8    0   197  2.7  MAIN
 Inline         0             @cinit1

Program metrics:
    Functions               9
    Statements              100
    Comments                126
    Volume (V)              4311
    Difficulty (D)          29.1
    Effort to implement (E) 125328
    Time to implement (T)   1 hours, 56 minutes
    Est Delivered Bugs (B)  1
    Cyclomatic Complexity   17
    Maintainability (MI)    76

 Segment     Used  Free
-----------  ----  ----
00000-00003     4  0  
00004-0002E    43  0  
0002F-007FF   550  1451  
00800-00FFF     0  2048  
01000-017FF     0  2048  
01800-01FFF     0  2048  



